-------------------------------------------------------------------------------
Test set: opensystem.typescript.client.OpenSystemTypeScriptClientGeneratorTest
-------------------------------------------------------------------------------
Tests run: 1, Failures: 0, Errors: 1, Skipped: 0, Time elapsed: 4.252 sec <<< FAILURE!
launchCodeGenerator(opensystem.typescript.client.OpenSystemTypeScriptClientGeneratorTest)  Time elapsed: 0.066 sec  <<< ERROR!
java.lang.RuntimeException: Could not generate supporting file 'SupportingFile[templateFile='index.mustache', folder='src', destinationFilename='index.ts', canOverwrite=true]'
	at org.openapitools.codegen.DefaultGenerator.generateSupportingFiles(DefaultGenerator.java:746)
	at org.openapitools.codegen.DefaultGenerator.generate(DefaultGenerator.java:919)
	at opensystem.typescript.client.OpenSystemTypeScriptClientGeneratorTest.launchCodeGenerator(OpenSystemTypeScriptClientGeneratorTest.java:43)
	at java.base/jdk.internal.reflect.DirectMethodHandleAccessor.invoke(DirectMethodHandleAccessor.java:104)
	at java.base/java.lang.reflect.Method.invoke(Method.java:577)
	at org.junit.runners.model.FrameworkMethod$1.runReflectiveCall(FrameworkMethod.java:59)
	at org.junit.internal.runners.model.ReflectiveCallable.run(ReflectiveCallable.java:12)
	at org.junit.runners.model.FrameworkMethod.invokeExplosively(FrameworkMethod.java:56)
	at org.junit.internal.runners.statements.InvokeMethod.evaluate(InvokeMethod.java:17)
	at org.junit.runners.ParentRunner$3.evaluate(ParentRunner.java:306)
	at org.junit.runners.BlockJUnit4ClassRunner$1.evaluate(BlockJUnit4ClassRunner.java:100)
	at org.junit.runners.ParentRunner.runLeaf(ParentRunner.java:366)
	at org.junit.runners.BlockJUnit4ClassRunner.runChild(BlockJUnit4ClassRunner.java:103)
	at org.junit.runners.BlockJUnit4ClassRunner.runChild(BlockJUnit4ClassRunner.java:63)
	at org.junit.runners.ParentRunner$4.run(ParentRunner.java:331)
	at org.junit.runners.ParentRunner$1.schedule(ParentRunner.java:79)
	at org.junit.runners.ParentRunner.runChildren(ParentRunner.java:329)
	at org.junit.runners.ParentRunner.access$100(ParentRunner.java:66)
	at org.junit.runners.ParentRunner$2.evaluate(ParentRunner.java:293)
	at org.junit.runners.ParentRunner$3.evaluate(ParentRunner.java:306)
	at org.junit.runners.ParentRunner.run(ParentRunner.java:413)
	at org.apache.maven.surefire.junitcore.ClassDemarcatingRunner.run(ClassDemarcatingRunner.java:58)
	at org.junit.runners.Suite.runChild(Suite.java:128)
	at org.junit.runners.Suite.runChild(Suite.java:27)
	at org.junit.runners.ParentRunner$4.run(ParentRunner.java:331)
	at org.junit.runners.ParentRunner$1.schedule(ParentRunner.java:79)
	at org.junit.runners.ParentRunner.runChildren(ParentRunner.java:329)
	at org.junit.runners.ParentRunner.access$100(ParentRunner.java:66)
	at org.junit.runners.ParentRunner$2.evaluate(ParentRunner.java:293)
	at org.junit.runners.ParentRunner$3.evaluate(ParentRunner.java:306)
	at org.junit.runners.ParentRunner.run(ParentRunner.java:413)
	at org.junit.runner.JUnitCore.run(JUnitCore.java:137)
	at org.junit.runner.JUnitCore.run(JUnitCore.java:115)
	at org.apache.maven.surefire.junitcore.JUnitCoreWrapper.execute(JUnitCoreWrapper.java:62)
	at org.apache.maven.surefire.junitcore.JUnitCoreProvider.invoke(JUnitCoreProvider.java:139)
	at java.base/jdk.internal.reflect.DirectMethodHandleAccessor.invoke(DirectMethodHandleAccessor.java:104)
	at java.base/java.lang.reflect.Method.invoke(Method.java:577)
	at org.apache.maven.surefire.util.ReflectionUtils.invokeMethodWithArray(ReflectionUtils.java:189)
	at org.apache.maven.surefire.booter.ProviderFactory$ProviderProxy.invoke(ProviderFactory.java:165)
	at org.apache.maven.surefire.booter.ProviderFactory.invokeProvider(ProviderFactory.java:85)
	at org.apache.maven.surefire.booter.ForkedBooter.runSuitesInProcess(ForkedBooter.java:103)
	at org.apache.maven.surefire.booter.ForkedBooter.main(ForkedBooter.java:74)
Caused by: com.samskivert.mustache.MustacheParseException: Section close tag with mismatched open tag 'apis' != 'apiInfo' @ line 6
	at com.samskivert.mustache.Mustache$Accumulator.requireSameName(Mustache.java:680)
	at com.samskivert.mustache.Mustache$Accumulator$1.addCloseSectionSegment(Mustache.java:612)
	at com.samskivert.mustache.Mustache$Accumulator.addTagSegment(Mustache.java:638)
	at com.samskivert.mustache.Mustache$Parser.parseChar(Mustache.java:498)
	at com.samskivert.mustache.Mustache$Parser.parse(Mustache.java:396)
	at com.samskivert.mustache.Mustache.compile(Mustache.java:314)
	at com.samskivert.mustache.Mustache$Compiler.compile(Mustache.java:87)
	at com.samskivert.mustache.Mustache$Compiler.compile(Mustache.java:82)
	at org.openapitools.codegen.templating.MustacheEngineAdapter.compileTemplate(MustacheEngineAdapter.java:63)
	at org.openapitools.codegen.TemplateManager.write(TemplateManager.java:163)
	at org.openapitools.codegen.DefaultGenerator.processTemplateToFile(DefaultGenerator.java:1058)
	at org.openapitools.codegen.DefaultGenerator.processTemplateToFile(DefaultGenerator.java:1045)
	at org.openapitools.codegen.DefaultGenerator.generateSupportingFiles(DefaultGenerator.java:738)
	... 41 more
